<?xml version="1.0" encoding="UTF-8"?>
<!-- Generated by org.testng.reporters.JUnitXMLReporter -->
<testsuite ignored="0" hostname="LAPTOP-ROV3JR8D" failures="1" tests="15" name="Test" time="533.408" errors="0" timestamp="2023-09-30T13:30:37 IST">
  <testcase classname="testcomponent.Sanitytest" name="createaccountexistingmaild" time="19.127"/>
  <testcase classname="testcomponent.Sanitytest" name="login" time="18.791"/>
  <testcase classname="testcomponent.Sanitytest" name="navigation" time="15.715"/>
  <testcase classname="testcomponent.Sanitytest" name="menunavigation" time="7.692"/>
  <testcase classname="testcomponent.Sanitytest" name="Bottompage" time="15.712"/>
  <testcase classname="testcomponent.Sanitytest" name="Searchproduct" time="13.143"/>
  <testcase classname="testcomponent.Sanitytest" name="invalidSearchproduct" time="11.46"/>
  <testcase classname="testcomponent.Sanitytest" name="Searchproductbybrand" time="23.561"/>
  <testcase classname="testcomponent.Sanitytest" name="Searchproductbydepartment" time="26.22">
    <skipped/>
  </testcase> <!-- Searchproductbydepartment -->
  <testcase classname="testcomponent.Sanitytest" name="Searchproductbydepartment" time="20.97"/>
  <testcase classname="testcomponent.Sanitytest" name="checkoutpage" time="44.385"/>
  <testcase classname="testcomponent.Sanitytest" name="checkoutpageexistingcustomer" time="28.025">
    <skipped/>
  </testcase> <!-- checkoutpageexistingcustomer -->
  <testcase classname="testcomponent.Sanitytest" name="checkoutpageexistingcustomer" time="27.283">
    <skipped/>
  </testcase> <!-- checkoutpageexistingcustomer -->
  <testcase classname="testcomponent.Sanitytest" name="checkoutpageexistingcustomer" time="33.392">
    <skipped/>
  </testcase> <!-- checkoutpageexistingcustomer -->
  <testcase classname="testcomponent.Sanitytest" name="checkoutpageexistingcustomer" time="25.498">
    <failure type="org.openqa.selenium.NoSuchElementException" message="no such element: Unable to locate element: {&amp;quot;method&amp;quot;:&amp;quot;xpath&amp;quot;,&amp;quot;selector&amp;quot;:&amp;quot;//input[@id=&amp;apos;fld-e&amp;apos;]&amp;quot;}
  (Session info: chrome=117.0.5938.132)
For documentation on this error, please visit: https://www.selenium.dev/documentation/webdriver/troubleshooting/errors#no-such-element-exception
Build info: version: &amp;apos;4.13.0&amp;apos;, revision: &amp;apos;ba948ece5b*&amp;apos;
System info: os.name: &amp;apos;Windows 11&amp;apos;, os.arch: &amp;apos;amd64&amp;apos;, os.version: &amp;apos;10.0&amp;apos;, java.version: &amp;apos;17.0.7&amp;apos;
Driver info: org.openqa.selenium.chrome.ChromeDriver
Command: [1c8d543e71e3f5190f00418d815b3537, findElement {using=xpath, value=//input[@id=&amp;apos;fld-e&amp;apos;]}]
Capabilities {acceptInsecureCerts: false, browserName: chrome, browserVersion: 117.0.5938.132, chrome: {chromedriverVersion: 117.0.5938.92 (67649b10b92b..., userDataDir: C:\Users\PRADEE~1\AppData\L...}, fedcm:accounts: true, goog:chromeOptions: {debuggerAddress: localhost:56657}, networkConnectionEnabled: false, pageLoadStrategy: normal, platformName: windows, proxy: Proxy(), setWindowRect: true, strictFileInteractability: false, timeouts: {implicit: 0, pageLoad: 300000, script: 30000}, unhandledPromptBehavior: dismiss and notify, webauthn:extension:credBlob: true, webauthn:extension:largeBlob: true, webauthn:extension:minPinLength: true, webauthn:extension:prf: true, webauthn:virtualAuthenticators: true}
Session ID: 1c8d543e71e3f5190f00418d815b3537">
      <![CDATA[org.openqa.selenium.NoSuchElementException: no such element: Unable to locate element: {"method":"xpath","selector":"//input[@id='fld-e']"}
  (Session info: chrome=117.0.5938.132)
For documentation on this error, please visit: https://www.selenium.dev/documentation/webdriver/troubleshooting/errors#no-such-element-exception
Build info: version: '4.13.0', revision: 'ba948ece5b*'
System info: os.name: 'Windows 11', os.arch: 'amd64', os.version: '10.0', java.version: '17.0.7'
Driver info: org.openqa.selenium.chrome.ChromeDriver
Command: [1c8d543e71e3f5190f00418d815b3537, findElement {using=xpath, value=//input[@id='fld-e']}]
Capabilities {acceptInsecureCerts: false, browserName: chrome, browserVersion: 117.0.5938.132, chrome: {chromedriverVersion: 117.0.5938.92 (67649b10b92b..., userDataDir: C:\Users\PRADEE~1\AppData\L...}, fedcm:accounts: true, goog:chromeOptions: {debuggerAddress: localhost:56657}, networkConnectionEnabled: false, pageLoadStrategy: normal, platformName: windows, proxy: Proxy(), setWindowRect: true, strictFileInteractability: false, timeouts: {implicit: 0, pageLoad: 300000, script: 30000}, unhandledPromptBehavior: dismiss and notify, webauthn:extension:credBlob: true, webauthn:extension:largeBlob: true, webauthn:extension:minPinLength: true, webauthn:extension:prf: true, webauthn:virtualAuthenticators: true}
Session ID: 1c8d543e71e3f5190f00418d815b3537
at org.openqa.selenium.remote.codec.w3c.W3CHttpResponseCodec.createException(W3CHttpResponseCodec.java:200)
at org.openqa.selenium.remote.codec.w3c.W3CHttpResponseCodec.decode(W3CHttpResponseCodec.java:133)
at org.openqa.selenium.remote.codec.w3c.W3CHttpResponseCodec.decode(W3CHttpResponseCodec.java:52)
at org.openqa.selenium.remote.HttpCommandExecutor.execute(HttpCommandExecutor.java:191)
at org.openqa.selenium.remote.service.DriverCommandExecutor.invokeExecute(DriverCommandExecutor.java:196)
at org.openqa.selenium.remote.service.DriverCommandExecutor.execute(DriverCommandExecutor.java:171)
at org.openqa.selenium.remote.RemoteWebDriver.execute(RemoteWebDriver.java:602)
at org.openqa.selenium.remote.ElementLocation$ElementFinder$2.findElement(ElementLocation.java:165)
at org.openqa.selenium.remote.ElementLocation.findElement(ElementLocation.java:59)
at org.openqa.selenium.remote.RemoteWebDriver.findElement(RemoteWebDriver.java:359)
at org.openqa.selenium.remote.RemoteWebDriver.findElement(RemoteWebDriver.java:353)
at org.openqa.selenium.support.pagefactory.DefaultElementLocator.findElement(DefaultElementLocator.java:68)
at org.openqa.selenium.support.pagefactory.internal.LocatingElementHandler.invoke(LocatingElementHandler.java:38)
at jdk.proxy2/jdk.proxy2.$Proxy18.sendKeys(Unknown Source)
at utility.WebUtilbestbuy.sendvaluetext(WebUtilbestbuy.java:301)
at pagecomponent.Checkoutpage.checkoutexistingcustomer(Checkoutpage.java:236)
at testcomponent.Sanitytest.checkoutpageexistingcustomer(Sanitytest.java:155)
at java.base/java.util.ArrayList.forEach(ArrayList.java:1511)
... Removed 32 stack frames]]>
    </failure>
  </testcase> <!-- checkoutpageexistingcustomer -->
</testsuite> <!-- Test -->
